Sep 04 22:31 : avahi: Service 'Music Player @ doctor' successfully established.
Sep 04 22:39 : player: played "NEFFEX - Grateful [Copyright Free].mp3"
Sep 05 00:33 : avahi: Service 'Music Player @ doctor' successfully established.
Sep 05 01:05 : player: played "NEFFEX - Grateful [Copyright Free].mp3"
Sep 05 20:37 : avahi: Service 'Music Player @ doctor' successfully established.
Sep 05 20:42 : player: played "NEFFEX - Grateful [Copyright Free].mp3"
Sep 05 20:43 : avahi: Service 'Music Player @ doctor' successfully established.
Sep 05 20:44 : player: played "NEFFEX - Grateful [Copyright Free].mp3"
Sep 05 20:45 : avahi: Service 'Music Player @ doctor' successfully established.
Sep 05 21:29 : player: played "NEFFEX - Grateful [Copyright Free].mp3"
Sep 05 21:57 : avahi: Service 'Music Player @ doctor' successfully established.
Sep 05 23:05 : player: played "NEFFEX - Grateful [Copyright Free].mp3"
Sep 06 08:09 : avahi: Service 'Music Player @ doctor' successfully established.
Sep 06 08:30 : player: played "NEFFEX - Grateful [Copyright Free].mp3"
Sep 06 08:33 : avahi: Service 'Music Player @ doctor' successfully established.
Sep 06 09:15 : player: played "Cartoon - On & On (feat. Daniel Levi) [NCS Release].mp3"
Sep 06 09:18 : player: played "Culture Code - Make Me Move (feat. Karra) [NCS Release].mp3"
Sep 06 09:21 : player: played "Janji - Heroes Tonight (feat. Johnning) [NCS Release].mp3"
Sep 06 09:46 : player: played "N3WPORT - Power (feat. braev) [NCS Release].mp3"
Sep 06 09:46 : avahi: Service 'Music Player @ doctor' successfully established.
Sep 06 09:48 : player: played "N3WPORT - Power (feat. braev) [NCS Release].mp3"
Sep 06 09:48 : avahi: Service 'Music Player @ doctor' successfully established.
Sep 06 11:06 : avahi: Service 'Music Player @ doctor' successfully established.
Sep 06 11:41 : avahi: Service 'Music Player @ doctor' successfully established.
Sep 06 12:02 : avahi: Service 'Music Player @ doctor' successfully established.
Sep 06 12:34 : avahi: Service 'Music Player @ doctor' successfully established.
Sep 06 12:39 : avahi: Service 'Music Player @ doctor' successfully established.
Sep 06 12:40 : player: played "N3WPORT - Power (feat. braev) [NCS Release].mp3"
Sep 06 12:49 : avahi: Service 'Music Player @ doctor' successfully established.
Sep 06 12:50 : player: played "N3WPORT - Power (feat. braev) [NCS Release].mp3"
Sep 06 12:51 : avahi: Service 'Music Player @ doctor' successfully established.
Sep 06 13:28 : player: played "N3WPORT - Power (feat. braev) [NCS Release].mp3"
Sep 06 13:30 : avahi: Service 'Music Player @ doctor' successfully established.
Sep 06 13:34 : player: played "N3WPORT - Power (feat. braev) [NCS Release].mp3"
Sep 06 13:34 : avahi: Service 'Music Player @ doctor' successfully established.
Sep 06 13:38 : player: played "N3WPORT - Power (feat. braev) [NCS Release].mp3"
Sep 06 13:39 : avahi: Service 'Music Player @ doctor' successfully established.
Sep 06 13:49 : player: played "N3WPORT - Power (feat. braev) [NCS Release].mp3"
Sep 06 13:50 : avahi: Service 'Music Player @ doctor' successfully established.
Sep 06 13:59 : avahi: Service 'Music Player @ doctor' successfully established.
Sep 06 14:19 : player: played "N3WPORT - Power (feat. braev) [NCS Release].mp3"
Sep 06 14:19 : avahi: Service 'Music Player @ doctor' successfully established.
Sep 06 14:24 : player: played "N3WPORT - Power (feat. braev) [NCS Release].mp3"
Sep 06 14:24 : avahi: Service 'Music Player @ doctor' successfully established.
Sep 06 14:26 : avahi: Service 'Music Player @ doctor' successfully established.
Sep 06 14:33 : player: played "N3WPORT - Power (feat. braev) [NCS Release].mp3"
Sep 06 14:33 : avahi: Service 'Music Player @ doctor' successfully established.
Sep 06 14:38 : player: played "N3WPORT - Power (feat. braev) [NCS Release].mp3"
Sep 06 14:39 : avahi: Service 'Music Player @ doctor' successfully established.
Sep 06 14:39 : avahi: Service 'Music Player @ doctor' successfully established.
Sep 06 16:54 : player: played "N3WPORT - Power (feat. braev) [NCS Release].mp3"
Sep 06 16:59 : avahi: Service 'Music Player @ doctor' successfully established.
Sep 06 17:00 : avahi: Service 'Music Player @ doctor' successfully established.
Sep 06 17:02 : player: played "N3WPORT - Power (feat. braev) [NCS Release].mp3"
Sep 06 17:08 : avahi: Service 'Music Player @ doctor' successfully established.
Sep 06 17:15 : player: played "N3WPORT - Power (feat. braev) [NCS Release].mp3"
Sep 06 19:14 : avahi: Service 'Music Player @ doctor' successfully established.
Sep 06 19:20 : avahi: Service 'Music Player @ doctor' successfully established.
Sep 06 19:41 : avahi: Service 'Music Player @ doctor' successfully established.
Sep 06 19:44 : avahi: Service 'Music Player @ doctor' successfully established.
Sep 06 23:27 : player: played "N3WPORT - Power (feat. braev) [NCS Release].mp3"
Sep 06 23:27 : avahi: Service 'Music Player @ doctor' successfully established.
Sep 06 23:29 : avahi: Service 'Music Player @ doctor' successfully established.
Sep 06 23:30 : avahi: Service 'Music Player @ doctor' successfully established.
Sep 06 23:32 : avahi: Service 'Music Player @ doctor' successfully established.
Sep 06 23:47 : player: played "N3WPORT - Power (feat. braev) [NCS Release].mp3"
Sep 07 12:18 : avahi: Service 'Music Player @ doctor' successfully established.
Sep 07 12:21 : avahi: Service 'Music Player @ doctor' successfully established.
Sep 07 12:46 : avahi: Service 'Music Player @ doctor' successfully established.
Sep 07 13:13 : avahi: Service 'Music Player @ doctor' successfully established.
Sep 07 13:19 : player: played "N3WPORT - Power (feat. braev) [NCS Release].mp3"
Sep 07 19:45 : avahi: Service 'Music Player @ doctor' successfully established.
Sep 07 20:07 : player: played "N3WPORT - Power (feat. braev) [NCS Release].mp3"
Sep 08 08:04 : avahi: Service 'Music Player @ doctor' successfully established.
Sep 08 09:08 : avahi: Service 'Music Player @ doctor' successfully established.
